2017-01-22 14:40:19,489 INFO   1332 --- [           main] net.iqunxing.Application                 : Starting Application v1.0.0 on nmg with PID 20757 (/home/nmg/Documents/portal_service-1.0.0_test.jar started by nmg in /home/nmg/Desktop/assignment5/module5-solution)
2017-01-22 14:40:19,493 INFO   1336 --- [           main] net.iqunxing.Application                 : The following profiles are active: test
2017-01-22 14:40:19,572 INFO   1415 --- [           main] org.springframework.boot.context.embedded.AnnotationConfigEmbeddedWebApplicationContext : Refreshing org.springframework.boot.context.embedded.AnnotationConfigEmbeddedWebApplicationContext@568d17ff: startup date [Sun Jan 22 14:40:19 CST 2017]; root of context hierarchy
2017-01-22 14:40:20,018 INFO   1861 --- [background-preinit] org.hibernate.validator.internal.util.Version : HV000001: Hibernate Validator 5.2.4.Final
2017-01-22 14:40:21,115 INFO   2958 --- [           main] org.springframework.beans.factory.support.DefaultListableBeanFactory : Overriding bean definition for bean 'beanNameViewResolver' with a different definition: replacing [Root bean: class [null]; scope=; abstract=false; lazyInit=false; autowireMode=3; dependencyCheck=0; autowireCandidate=true; primary=false; factoryBeanName=org.springframework.boot.autoconfigure.web.ErrorMvcAutoConfiguration$WhitelabelErrorViewConfiguration; factoryMethodName=beanNameViewResolver; initMethodName=null; destroyMethodName=(inferred); defined in class path resource [org/springframework/boot/autoconfigure/web/ErrorMvcAutoConfiguration$WhitelabelErrorViewConfiguration.class]] with [Root bean: class [null]; scope=; abstract=false; lazyInit=false; autowireMode=3; dependencyCheck=0; autowireCandidate=true; primary=false; factoryBeanName=org.springframework.boot.autoconfigure.web.WebMvcAutoConfiguration$WebMvcAutoConfigurationAdapter; factoryMethodName=beanNameViewResolver; initMethodName=null; destroyMethodName=(inferred); defined in class path resource [org/springframework/boot/autoconfigure/web/WebMvcAutoConfiguration$WebMvcAutoConfigurationAdapter.class]]
2017-01-22 14:40:21,331 INFO   3174 --- [           main] org.springframework.beans.factory.support.DefaultListableBeanFactory : Overriding bean definition for bean 'characterEncodingFilter' with a different definition: replacing [Root bean: class [null]; scope=; abstract=false; lazyInit=false; autowireMode=3; dependencyCheck=0; autowireCandidate=true; primary=false; factoryBeanName=application; factoryMethodName=characterEncodingFilter; initMethodName=null; destroyMethodName=(inferred); defined in net.iqunxing.Application] with [Root bean: class [null]; scope=; abstract=false; lazyInit=false; autowireMode=3; dependencyCheck=0; autowireCandidate=true; primary=false; factoryBeanName=org.springframework.boot.autoconfigure.web.HttpEncodingAutoConfiguration; factoryMethodName=characterEncodingFilter; initMethodName=null; destroyMethodName=(inferred); defined in class path resource [org/springframework/boot/autoconfigure/web/HttpEncodingAutoConfiguration.class]]
2017-01-22 14:40:22,822 INFO   4665 --- [           main] org.springframework.boot.context.embedded.tomcat.TomcatEmbeddedServletContainer : Tomcat initialized with port(s): 12345 (http)
2017-01-22 14:40:22,855 INFO   4698 --- [           main] org.apache.catalina.core.StandardService : Starting service Tomcat
2017-01-22 14:40:22,857 INFO   4700 --- [           main] org.apache.catalina.core.StandardEngine  : Starting Servlet Engine: Apache Tomcat/8.0.32
2017-01-22 14:40:23,123 INFO   4966 --- [localhost-startStop-1] org.apache.catalina.core.ContainerBase.[Tomcat].[localhost].[/] : Initializing Spring embedded WebApplicationContext
2017-01-22 14:40:23,124 INFO   4967 --- [localhost-startStop-1] org.springframework.web.context.ContextLoader : Root WebApplicationContext: initialization completed in 3552 ms
2017-01-22 14:40:23,124 INFO   4967 --- [localhost-startStop-1] org.springframework.web.context.ContextLoader : Root WebApplicationContext: initialization completed in 3552 ms
2017-01-22 14:40:23,730 INFO   5573 --- [localhost-startStop-1] org.springframework.boot.context.embedded.ServletRegistrationBean : Mapping servlet: 'dispatcherServlet' to [/]
2017-01-22 14:40:23,737 INFO   5580 --- [localhost-startStop-1] org.springframework.boot.context.embedded.FilterRegistrationBean : Mapping filter: 'characterEncodingFilter' to: [/*]
2017-01-22 14:40:23,737 INFO   5580 --- [localhost-startStop-1] org.springframework.boot.context.embedded.FilterRegistrationBean : Mapping filter: 'metricFilter' to: [/*]
2017-01-22 14:40:23,738 INFO   5581 --- [localhost-startStop-1] org.springframework.boot.context.embedded.FilterRegistrationBean : Mapping filter: 'hiddenHttpMethodFilter' to: [/*]
2017-01-22 14:40:23,738 INFO   5581 --- [localhost-startStop-1] org.springframework.boot.context.embedded.FilterRegistrationBean : Mapping filter: 'httpPutFormContentFilter' to: [/*]
2017-01-22 14:40:23,738 INFO   5581 --- [localhost-startStop-1] org.springframework.boot.context.embedded.FilterRegistrationBean : Mapping filter: 'requestContextFilter' to: [/*]
2017-01-22 14:40:23,738 INFO   5581 --- [localhost-startStop-1] org.springframework.boot.context.embedded.FilterRegistrationBean : Mapping filter: 'webRequestLoggingFilter' to: [/*]
2017-01-22 14:40:23,738 INFO   5581 --- [localhost-startStop-1] org.springframework.boot.context.embedded.FilterRegistrationBean : Mapping filter: 'applicationContextIdFilter' to: [/*]
2017-01-22 14:40:24,241 INFO   6084 --- [           main] org.springframework.web.servlet.mvc.method.annotation.RequestMappingHandlerAdapter : Looking for @ControllerAdvice: org.springframework.boot.context.embedded.AnnotationConfigEmbeddedWebApplicationContext@568d17ff: startup date [Sun Jan 22 14:40:19 CST 2017]; root of context hierarchy
2017-01-22 14:40:24,241 INFO   6084 --- [           main] org.springframework.web.servlet.mvc.method.annotation.RequestMappingHandlerAdapter : Looking for @ControllerAdvice: org.springframework.boot.context.embedded.AnnotationConfigEmbeddedWebApplicationContext@568d17ff: startup date [Sun Jan 22 14:40:19 CST 2017]; root of context hierarchy
2017-01-22 14:40:24,368 INFO   6211 --- [           main] org.springframework.web.servlet.mvc.method.annotation.RequestMappingHandlerMapping : Mapped "{[/**]}" onto public net.iqunxing.datacube.global.utils.DCFRespBody net.iqunxing.datacube.global.service.RedirectService.redirectservice() throws java.sql.SQLException
2017-01-22 14:40:24,368 INFO   6211 --- [           main] org.springframework.web.servlet.mvc.method.annotation.RequestMappingHandlerMapping : Mapped "{[/**]}" onto public net.iqunxing.datacube.global.utils.DCFRespBody net.iqunxing.datacube.global.service.RedirectService.redirectservice() throws java.sql.SQLException
2017-01-22 14:40:24,377 INFO   6220 --- [           main] org.springframework.web.servlet.mvc.method.annotation.RequestMappingHandlerMapping : Mapped "{[/error],produces=[text/html]}" onto public org.springframework.web.servlet.ModelAndView org.springframework.boot.autoconfigure.web.BasicErrorController.errorHtml(javax.servlet.http.HttpServletRequest,javax.servlet.http.HttpServletResponse)
2017-01-22 14:40:24,377 INFO   6220 --- [           main] org.springframework.web.servlet.mvc.method.annotation.RequestMappingHandlerMapping : Mapped "{[/error],produces=[text/html]}" onto public org.springframework.web.servlet.ModelAndView org.springframework.boot.autoconfigure.web.BasicErrorController.errorHtml(javax.servlet.http.HttpServletRequest,javax.servlet.http.HttpServletResponse)
2017-01-22 14:40:24,377 INFO   6220 --- [           main] org.springframework.web.servlet.mvc.method.annotation.RequestMappingHandlerMapping : Mapped "{[/error]}" onto public org.springframework.http.ResponseEntity<java.util.Map<java.lang.String, java.lang.Object>> org.springframework.boot.autoconfigure.web.BasicErrorController.error(javax.servlet.http.HttpServletRequest)
2017-01-22 14:40:24,377 INFO   6220 --- [           main] org.springframework.web.servlet.mvc.method.annotation.RequestMappingHandlerMapping : Mapped "{[/error]}" onto public org.springframework.http.ResponseEntity<java.util.Map<java.lang.String, java.lang.Object>> org.springframework.boot.autoconfigure.web.BasicErrorController.error(javax.servlet.http.HttpServletRequest)
